d:\유준환\125기\frame125\tool\debug\tool.pch
d:\유준환\125기\frame125\tool\debug\vc140.pdb
d:\유준환\125기\frame125\tool\debug\vc140.idb
d:\유준환\125기\frame125\tool\debug\stdafx.obj
d:\유준환\125기\frame125\tool\debug\mainfrm.obj
d:\유준환\125기\frame125\tool\debug\tool.obj
d:\유준환\125기\frame125\tool\debug\tooldoc.obj
d:\유준환\125기\frame125\tool\debug\toolview.obj
d:\유준환\125기\frame125\debug\tool.ilk
d:\유준환\125기\frame125\debug\tool.exe
d:\유준환\125기\frame125\debug\tool.pdb
d:\유준환\125기\frame125\tool\debug\tool.res
d:\유준환\125기\frame125\tool\debug\tool.tlog\cl.command.1.tlog
d:\유준환\125기\frame125\tool\debug\tool.tlog\cl.read.1.tlog
d:\유준환\125기\frame125\tool\debug\tool.tlog\cl.write.1.tlog
d:\유준환\125기\frame125\tool\debug\tool.tlog\link.command.1.tlog
d:\유준환\125기\frame125\tool\debug\tool.tlog\link.read.1.tlog
d:\유준환\125기\frame125\tool\debug\tool.tlog\link.write.1.tlog
d:\유준환\125기\frame125\tool\debug\tool.tlog\rc.command.1.tlog
d:\유준환\125기\frame125\tool\debug\tool.tlog\rc.read.1.tlog
d:\유준환\125기\frame125\tool\debug\tool.tlog\rc.write.1.tlog
